<?xml version="1.0" encoding="UTF-8"?>
<testsuite name="com.kodilla.patterns.builder.checkers.CheckersTestSuite" tests="1" skipped="1" failures="0" errors="0" timestamp="2020-03-12T19:53:12" hostname="MacBook-Pro-Sebastian.local" time="2372.487">
  <properties/>
  <testcase name="testCheckersBuilder" classname="com.kodilla.patterns.builder.checkers.CheckersTestSuite" time="2372.487">
    <skipped/>
  </testcase>
  <system-out><![CDATA[]]></system-out>
  <system-err><![CDATA[]]></system-err>
</testsuite>
